<?xml version="1.0" encoding="UTF-8"?>
<!-- Generated by org.testng.reporters.JUnitXMLReporter -->
<testsuite ignored="0" hostname="LTIN283862" failures="0" tests="11" name="Test" time="198.348" errors="0" timestamp="2024-02-13T11:45:36 IST">
  <testcase classname="testCase.TC_001_SearchingCardiologiests" name="SearchingCardiologiests" time="8.149"/>
  <testcase classname="testCase.TC_001_SearchingCardiologiests" name="gettingCardiologiests" time="25.256"/>
  <testcase classname="testCase.TC_002_CaptureSurgeries" name="CapturePopularSurgeries" time="11.885"/>
  <testcase classname="testCase.TC_002_CaptureSurgeries" name="GeneralSurgeries" time="5.663"/>
  <testcase classname="testCase.TC_002_CaptureSurgeries" name="ProctologySurgeries" time="4.115"/>
  <testcase classname="testCase.TC_002_CaptureSurgeries" name="OphthamologySurgeries" time="3.004"/>
  <testcase classname="testCase.TC_002_CaptureSurgeries" name="UrologySurgeries" time="4.319"/>
  <testcase classname="testCase.TC_002_CaptureSurgeries" name="CosmeticSurgeries" time="3.389"/>
  <testcase classname="testCase.TC_002_CaptureSurgeries" name="OrthopedicsSurgeries" time="3.506"/>
  <testcase classname="testCase.TC_003_CorporateHealthAndWellness_InvalidDetails" name="checkingInvalidDetails" time="11.735"/>
  <testcase classname="testCase.TC_004_CorporateHealthAndWellness_ValidDetails" name="checkingValidDetails" time="35.28"/>
</testsuite> <!-- Test -->
