<?xml version="1.0" encoding="UTF-8"?>
<testng-results ignored="0" total="11" passed="11" failed="0" skipped="0">
  <reporter-output>
  </reporter-output>
  <suite started-at="2024-02-13T11:42:10 IST" name="Suite" finished-at="2024-02-13T11:45:29 IST" duration-ms="198348">
    <groups>
    </groups>
    <test started-at="2024-02-13T11:42:10 IST" name="Test" finished-at="2024-02-13T11:45:29 IST" duration-ms="198348">
      <class name="testCase.TC_001_SearchingCardiologiests">
        <test-method is-config="true" signature="setup(java.lang.String,java.lang.String)[pri:0, instance:testCase.TC_001_SearchingCardiologiests@3f191845]" started-at="2024-02-13T11:42:11 IST" name="setup" finished-at="2024-02-13T11:42:32 IST" duration-ms="21087" status="PASS">
          <params>
            <param index="0">
              <value>
                <![CDATA[Windows]]>
              </value>
            </param>
            <param index="1">
              <value>
                <![CDATA[edge]]>
              </value>
            </param>
          </params>
          <reporter-output>
          </reporter-output>
        </test-method> <!-- setup -->
        <test-method signature="SearchingCardiologiests()[pri:1, instance:testCase.TC_001_SearchingCardiologiests@3f191845]" started-at="2024-02-13T11:42:32 IST" name="SearchingCardiologiests" finished-at="2024-02-13T11:42:41 IST" duration-ms="8149" status="PASS">
          <reporter-output>
          </reporter-output>
        </test-method> <!-- SearchingCardiologiests -->
        <test-method signature="gettingCardiologiests()[pri:0, instance:testCase.TC_001_SearchingCardiologiests@3f191845]" started-at="2024-02-13T11:42:41 IST" name="gettingCardiologiests" finished-at="2024-02-13T11:43:06 IST" depends-on-methods="testCase.TC_001_SearchingCardiologiests.SearchingCardiologiests" duration-ms="25256" status="PASS">
          <reporter-output>
          </reporter-output>
        </test-method> <!-- gettingCardiologiests -->
        <test-method is-config="true" signature="teardown()[pri:0, instance:testCase.TC_001_SearchingCardiologiests@3f191845]" started-at="2024-02-13T11:43:07 IST" name="teardown" finished-at="2024-02-13T11:43:08 IST" duration-ms="1652" status="PASS">
          <reporter-output>
          </reporter-output>
        </test-method> <!-- teardown -->
      </class> <!-- testCase.TC_001_SearchingCardiologiests -->
      <class name="testCase.TC_004_CorporateHealthAndWellness_ValidDetails">
        <test-method is-config="true" signature="setup(java.lang.String,java.lang.String)[pri:0, instance:testCase.TC_004_CorporateHealthAndWellness_ValidDetails@7a35b0f5]" started-at="2024-02-13T11:44:38 IST" name="setup" finished-at="2024-02-13T11:44:51 IST" duration-ms="13259" status="PASS">
          <params>
            <param index="0">
              <value>
                <![CDATA[Windows]]>
              </value>
            </param>
            <param index="1">
              <value>
                <![CDATA[edge]]>
              </value>
            </param>
          </params>
          <reporter-output>
          </reporter-output>
        </test-method> <!-- setup -->
        <test-method signature="checkingValidDetails()[pri:11, instance:testCase.TC_004_CorporateHealthAndWellness_ValidDetails@7a35b0f5]" started-at="2024-02-13T11:44:51 IST" name="checkingValidDetails" finished-at="2024-02-13T11:45:27 IST" duration-ms="35280" status="PASS">
          <reporter-output>
          </reporter-output>
        </test-method> <!-- checkingValidDetails -->
        <test-method is-config="true" signature="teardown()[pri:0, instance:testCase.TC_004_CorporateHealthAndWellness_ValidDetails@7a35b0f5]" started-at="2024-02-13T11:45:27 IST" name="teardown" finished-at="2024-02-13T11:45:29 IST" duration-ms="1764" status="PASS">
          <reporter-output>
          </reporter-output>
        </test-method> <!-- teardown -->
      </class> <!-- testCase.TC_004_CorporateHealthAndWellness_ValidDetails -->
      <class name="testCase.TC_002_CaptureSurgeries">
        <test-method is-config="true" signature="setup(java.lang.String,java.lang.String)[pri:0, instance:testCase.TC_002_CaptureSurgeries@48075da3]" started-at="2024-02-13T11:43:08 IST" name="setup" finished-at="2024-02-13T11:43:27 IST" duration-ms="18444" status="PASS">
          <params>
            <param index="0">
              <value>
                <![CDATA[Windows]]>
              </value>
            </param>
            <param index="1">
              <value>
                <![CDATA[edge]]>
              </value>
            </param>
          </params>
          <reporter-output>
          </reporter-output>
        </test-method> <!-- setup -->
        <test-method signature="CapturePopularSurgeries()[pri:3, instance:testCase.TC_002_CaptureSurgeries@48075da3]" started-at="2024-02-13T11:43:27 IST" name="CapturePopularSurgeries" finished-at="2024-02-13T11:43:39 IST" duration-ms="11885" status="PASS">
          <reporter-output>
          </reporter-output>
        </test-method> <!-- CapturePopularSurgeries -->
        <test-method signature="GeneralSurgeries()[pri:4, instance:testCase.TC_002_CaptureSurgeries@48075da3]" started-at="2024-02-13T11:43:39 IST" name="GeneralSurgeries" finished-at="2024-02-13T11:43:45 IST" duration-ms="5663" status="PASS">
          <reporter-output>
          </reporter-output>
        </test-method> <!-- GeneralSurgeries -->
        <test-method signature="ProctologySurgeries()[pri:5, instance:testCase.TC_002_CaptureSurgeries@48075da3]" started-at="2024-02-13T11:43:45 IST" name="ProctologySurgeries" finished-at="2024-02-13T11:43:49 IST" duration-ms="4115" status="PASS">
          <reporter-output>
          </reporter-output>
        </test-method> <!-- ProctologySurgeries -->
        <test-method signature="OphthamologySurgeries()[pri:6, instance:testCase.TC_002_CaptureSurgeries@48075da3]" started-at="2024-02-13T11:43:50 IST" name="OphthamologySurgeries" finished-at="2024-02-13T11:43:53 IST" duration-ms="3004" status="PASS">
          <reporter-output>
          </reporter-output>
        </test-method> <!-- OphthamologySurgeries -->
        <test-method signature="UrologySurgeries()[pri:7, instance:testCase.TC_002_CaptureSurgeries@48075da3]" started-at="2024-02-13T11:43:53 IST" name="UrologySurgeries" finished-at="2024-02-13T11:43:58 IST" duration-ms="4319" status="PASS">
          <reporter-output>
          </reporter-output>
        </test-method> <!-- UrologySurgeries -->
        <test-method signature="CosmeticSurgeries()[pri:8, instance:testCase.TC_002_CaptureSurgeries@48075da3]" started-at="2024-02-13T11:43:58 IST" name="CosmeticSurgeries" finished-at="2024-02-13T11:44:01 IST" duration-ms="3389" status="PASS">
          <reporter-output>
          </reporter-output>
        </test-method> <!-- CosmeticSurgeries -->
        <test-method signature="OrthopedicsSurgeries()[pri:9, instance:testCase.TC_002_CaptureSurgeries@48075da3]" started-at="2024-02-13T11:44:02 IST" name="OrthopedicsSurgeries" finished-at="2024-02-13T11:44:05 IST" duration-ms="3506" status="PASS">
          <reporter-output>
          </reporter-output>
        </test-method> <!-- OrthopedicsSurgeries -->
        <test-method is-config="true" signature="teardown()[pri:0, instance:testCase.TC_002_CaptureSurgeries@48075da3]" started-at="2024-02-13T11:44:06 IST" name="teardown" finished-at="2024-02-13T11:44:07 IST" duration-ms="1296" status="PASS">
          <reporter-output>
          </reporter-output>
        </test-method> <!-- teardown -->
      </class> <!-- testCase.TC_002_CaptureSurgeries -->
      <class name="testCase.TC_003_CorporateHealthAndWellness_InvalidDetails">
        <test-method is-config="true" signature="setup(java.lang.String,java.lang.String)[pri:0, instance:testCase.TC_003_CorporateHealthAndWellness_InvalidDetails@68c9133c]" started-at="2024-02-13T11:44:07 IST" name="setup" finished-at="2024-02-13T11:44:24 IST" duration-ms="16759" status="PASS">
          <params>
            <param index="0">
              <value>
                <![CDATA[Windows]]>
              </value>
            </param>
            <param index="1">
              <value>
                <![CDATA[edge]]>
              </value>
            </param>
          </params>
          <reporter-output>
          </reporter-output>
        </test-method> <!-- setup -->
        <test-method signature="checkingInvalidDetails()[pri:10, instance:testCase.TC_003_CorporateHealthAndWellness_InvalidDetails@68c9133c]" started-at="2024-02-13T11:44:24 IST" name="checkingInvalidDetails" finished-at="2024-02-13T11:44:36 IST" duration-ms="11735" status="PASS">
          <reporter-output>
          </reporter-output>
        </test-method> <!-- checkingInvalidDetails -->
        <test-method is-config="true" signature="teardown()[pri:0, instance:testCase.TC_003_CorporateHealthAndWellness_InvalidDetails@68c9133c]" started-at="2024-02-13T11:44:36 IST" name="teardown" finished-at="2024-02-13T11:44:38 IST" duration-ms="1652" status="PASS">
          <reporter-output>
          </reporter-output>
        </test-method> <!-- teardown -->
      </class> <!-- testCase.TC_003_CorporateHealthAndWellness_InvalidDetails -->
    </test> <!-- Test -->
  </suite> <!-- Suite -->
</testng-results>
